The system is: Windows - 10.0.22000 - AMD64
Compiling the C compiler identification source file "CMakeCCompilerId.c" succeeded.
Compiler: C:/App/Microsoft Visual Studio/2022/Community/VC/Tools/MSVC/14.37.32822/bin/Hostx86/x86/cl.exe 
Build flags: 
Id flags:  

The output was:
0
用于 x86 的 Microsoft (R) C/C++ 优化编译器 19.37.32825 版
版权所有(C) Microsoft Corporation。保留所有权利。

CMakeCCompilerId.c
Microsoft (R) Incremental Linker Version 14.37.32825.0
Copyright (C) Microsoft Corporation.  All rights reserved.

/out:CMakeCCompilerId.exe 
CMakeCCompilerId.obj 


Compilation of the C compiler identification source "CMakeCCompilerId.c" produced "CMakeCCompilerId.exe"

Compilation of the C compiler identification source "CMakeCCompilerId.c" produced "CMakeCCompilerId.obj"

The C compiler identification is MSVC, found in "C:/Users/xlu/Desktop/LogDemo/cmake-build-debug-visual-studio-2022/CMakeFiles/3.25.2/CompilerIdC/CMakeCCompilerId.exe"

Compiling the CXX compiler identification source file "CMakeCXXCompilerId.cpp" succeeded.
Compiler: C:/App/Microsoft Visual Studio/2022/Community/VC/Tools/MSVC/14.37.32822/bin/Hostx86/x86/cl.exe 
Build flags: 
Id flags:  

The output was:
0
用于 x86 的 Microsoft (R) C/C++ 优化编译器 19.37.32825 版
版权所有(C) Microsoft Corporation。保留所有权利。

CMakeCXXCompilerId.cpp
Microsoft (R) Incremental Linker Version 14.37.32825.0
Copyright (C) Microsoft Corporation.  All rights reserved.

/out:CMakeCXXCompilerId.exe 
CMakeCXXCompilerId.obj 


Compilation of the CXX compiler identification source "CMakeCXXCompilerId.cpp" produced "CMakeCXXCompilerId.exe"

Compilation of the CXX compiler identification source "CMakeCXXCompilerId.cpp" produced "CMakeCXXCompilerId.obj"

The CXX compiler identification is MSVC, found in "C:/Users/xlu/Desktop/LogDemo/cmake-build-debug-visual-studio-2022/CMakeFiles/3.25.2/CompilerIdCXX/CMakeCXXCompilerId.exe"

Detecting C compiler ABI info compiled with the following output:
Change Dir: C:/Users/xlu/Desktop/LogDemo/cmake-build-debug-visual-studio-2022/CMakeFiles/CMakeScratch/TryCompile-5nmilg

Run Build Command(s):C:/App/JetBrains/CLion 2023.1/bin/ninja/win/x64/ninja.exe cmTC_9d60c && [1/2] Building C object CMakeFiles\cmTC_9d60c.dir\CMakeCCompilerABI.c.obj
[2/2] Linking C executable cmTC_9d60c.exe



Detecting CXX compiler ABI info compiled with the following output:
Change Dir: C:/Users/xlu/Desktop/LogDemo/cmake-build-debug-visual-studio-2022/CMakeFiles/CMakeScratch/TryCompile-dddyog

Run Build Command(s):C:/App/JetBrains/CLion 2023.1/bin/ninja/win/x64/ninja.exe cmTC_5ff3d && [1/2] Building CXX object CMakeFiles\cmTC_5ff3d.dir\CMakeCXXCompilerABI.cpp.obj
[2/2] Linking CXX executable cmTC_5ff3d.exe



